{
  "stats": {
    "suites": 1,
    "tests": 4,
    "passes": 4,
    "pending": 0,
    "failures": 0,
    "start": "2023-06-06T11:37:51.240Z",
    "end": "2023-06-06T11:38:46.493Z",
    "duration": 55253,
    "testsRegistered": 4,
    "passPercent": 100,
    "pendingPercent": 0,
    "other": 0,
    "hasOther": false,
    "skipped": 0,
    "hasSkipped": false
  },
  "results": [
    {
      "uuid": "758a0452-cf02-4dbf-a13a-5e57523dd649",
      "title": "",
      "fullFile": "cypress/e2e/telerik.cy.js",
      "file": "cypress/e2e/telerik.cy.js",
      "beforeHooks": [],
      "afterHooks": [],
      "tests": [],
      "suites": [
        {
          "uuid": "dfd70416-67c6-41c7-948d-34ac23bf41ba",
          "title": "Verify Sign up",
          "fullFile": "",
          "file": "",
          "beforeHooks": [],
          "afterHooks": [],
          "tests": [
            {
              "title": "valid email",
              "fullTitle": "Verify Sign up valid email",
              "timedOut": null,
              "duration": 14501,
              "state": "passed",
              "speed": "slow",
              "pass": true,
              "fail": false,
              "pending": false,
              "context": null,
              "code": "signupObj.signupEmail('gohar.abbas@invozone.com');",
              "err": {},
              "uuid": "f71989bc-765c-40dd-a2e4-ca3a41fcfe26",
              "parentUUID": "dfd70416-67c6-41c7-948d-34ac23bf41ba",
              "isHook": false,
              "skipped": false
            },
            {
              "title": "invalid email",
              "fullTitle": "Verify Sign up invalid email",
              "timedOut": null,
              "duration": 9574,
              "state": "passed",
              "speed": "medium",
              "pass": true,
              "fail": false,
              "pending": false,
              "context": null,
              "code": "signupObj.signupEmail('asdfgmail.com');",
              "err": {},
              "uuid": "2dd4948a-b512-49e6-af87-fc70b054463c",
              "parentUUID": "dfd70416-67c6-41c7-948d-34ac23bf41ba",
              "isHook": false,
              "skipped": false
            },
            {
              "title": "empty email",
              "fullTitle": "Verify Sign up empty email",
              "timedOut": null,
              "duration": 7940,
              "state": "passed",
              "speed": "medium",
              "pass": true,
              "fail": false,
              "pending": false,
              "context": null,
              "code": "signupObj.signupEmail(' ');",
              "err": {},
              "uuid": "fc8fa76c-bb0d-4cae-811a-4675cdab9876",
              "parentUUID": "dfd70416-67c6-41c7-948d-34ac23bf41ba",
              "isHook": false,
              "skipped": false
            },
            {
              "title": "valid signup credentials",
              "fullTitle": "Verify Sign up valid signup credentials",
              "timedOut": null,
              "duration": 19092,
              "state": "passed",
              "speed": "slow",
              "pass": true,
              "fail": false,
              "pending": false,
              "context": null,
              "code": "signupObj.signupEmail('validemail2@gmail.com');\ncy.wait(2000);\nsignupObj.signup('password', 'first name', 'last name', 'xyz company', '090078601', 'Pakistan');",
              "err": {},
              "uuid": "b935717e-d62d-401f-96ca-a0c96cce22df",
              "parentUUID": "dfd70416-67c6-41c7-948d-34ac23bf41ba",
              "isHook": false,
              "skipped": false
            }
          ],
          "suites": [],
          "passes": [
            "f71989bc-765c-40dd-a2e4-ca3a41fcfe26",
            "2dd4948a-b512-49e6-af87-fc70b054463c",
            "fc8fa76c-bb0d-4cae-811a-4675cdab9876",
            "b935717e-d62d-401f-96ca-a0c96cce22df"
          ],
          "failures": [],
          "pending": [],
          "skipped": [],
          "duration": 51107,
          "root": false,
          "rootEmpty": false,
          "_timeout": 2000
        }
      ],
      "passes": [],
      "failures": [],
      "pending": [],
      "skipped": [],
      "duration": 0,
      "root": true,
      "rootEmpty": true,
      "_timeout": 2000
    }
  ],
  "meta": {
    "mocha": {
      "version": "7.0.1"
    },
    "mochawesome": {
      "options": {
        "quiet": false,
        "reportFilename": "mochawesome",
        "saveHtml": false,
        "saveJson": true,
        "consoleReporter": "spec",
        "useInlineDiffs": false,
        "code": true
      },
      "version": "7.1.3"
    },
    "marge": {
      "options": {
        "charts": true,
        "overwrite": false,
        "html": false,
        "json": true,
        "reportDir": "cypress/reports"
      },
      "version": "6.2.0"
    }
  }
}